This file contains any messages produced by compilers while
running configure, to aid debugging if configure makes a mistake.

It was created by battleship configure 0.2, which was
generated by GNU Autoconf 2.69.  Invocation command line was

  $ /home/bruno/Documentos/battleship/configure --enable-maintainer-mode --no-create --no-recursion

## --------- ##
## Platform. ##
## --------- ##

hostname = bruno-MS-7817
uname -m = x86_64
uname -r = 4.4.0-24-generic
uname -s = Linux
uname -v = #43-Ubuntu SMP Wed Jun 8 19:27:37 UTC 2016

/usr/bin/uname -p = unknown
/bin/uname -X     = unknown

/bin/arch              = unknown
/usr/bin/arch -k       = unknown
/usr/convex/getsysinfo = unknown
/usr/bin/hostinfo      = unknown
/bin/machine           = unknown
/usr/bin/oslevel       = unknown
/bin/universe          = unknown

PATH: /home/bruno/.local/share/umake/swift/swift-lang/usr/bin
PATH: /usr/local/sbin
PATH: /usr/local/bin
PATH: /usr/sbin
PATH: /usr/bin
PATH: /sbin
PATH: /bin
PATH: /usr/games
PATH: /usr/local/games
PATH: /snap/bin


## ----------- ##
## Core tests. ##
## ----------- ##

configure:2355: checking for a BSD-compatible install
configure:2423: result: /usr/bin/install -c
configure:2434: checking whether build environment is sane
configure:2489: result: yes
configure:2527: WARNING: 'missing' script is too old or missing
configure:2640: checking for a thread-safe mkdir -p
configure:2679: result: /bin/mkdir -p
configure:2686: checking for gawk
configure:2702: found /usr/bin/gawk
configure:2713: result: gawk
configure:2724: checking whether make sets $(MAKE)
configure:2746: result: yes
configure:2775: checking whether make supports nested variables
configure:2792: result: yes
configure:2922: checking whether to enable maintainer-specific portions of Makefiles
configure:2931: result: yes
configure:2957: checking for style of include used by make
configure:2985: result: GNU
configure:3056: checking for gcc
configure:3072: found /usr/bin/gcc
configure:3083: result: gcc
configure:3312: checking for C compiler version
configure:3321: gcc --version >&5
gcc (Ubuntu 5.3.1-14ubuntu2.1) 5.3.1 20160413
Copyright (C) 2015 Free Software Foundation, Inc.
This is free software; see the source for copying conditions.  There is NO
warranty; not even for MERCHANTABILITY or FITNESS FOR A PARTICULAR PURPOSE.

configure:3332: $? = 0
configure:3321: gcc -v >&5
Using built-in specs.
COLLECT_GCC=gcc
COLLECT_LTO_WRAPPER=/usr/lib/gcc/x86_64-linux-gnu/5/lto-wrapper
Target: x86_64-linux-gnu
Configured with: ../src/configure -v --with-pkgversion='Ubuntu 5.3.1-14ubuntu2.1' --with-bugurl=file:///usr/share/doc/gcc-5/README.Bugs --enable-languages=c,ada,c++,java,go,d,fortran,objc,obj-c++ --prefix=/usr --program-suffix=-5 --enable-shared --enable-linker-build-id --libexecdir=/usr/lib --without-included-gettext --enable-threads=posix --libdir=/usr/lib --enable-nls --with-sysroot=/ --enable-clocale=gnu --enable-libstdcxx-debug --enable-libstdcxx-time=yes --with-default-libstdcxx-abi=new --enable-gnu-unique-object --disable-vtable-verify --enable-libmpx --enable-plugin --with-system-zlib --disable-browser-plugin --enable-java-awt=gtk --enable-gtk-cairo --with-java-home=/usr/lib/jvm/java-1.5.0-gcj-5-amd64/jre --enable-java-home --with-jvm-root-dir=/usr/lib/jvm/java-1.5.0-gcj-5-amd64 --with-jvm-jar-dir=/usr/lib/jvm-exports/java-1.5.0-gcj-5-amd64 --with-arch-directory=amd64 --with-ecj-jar=/usr/share/java/eclipse-ecj.jar --enable-objc-gc --enable-multiarch --disable-werror --with-arch-32=i686 --with-abi=m64 --with-multilib-list=m32,m64,mx32 --enable-multilib --with-tune=generic --enable-checking=release --build=x86_64-linux-gnu --host=x86_64-linux-gnu --target=x86_64-linux-gnu
Thread model: posix
gcc version 5.3.1 20160413 (Ubuntu 5.3.1-14ubuntu2.1) 
configure:3332: $? = 0
configure:3321: gcc -V >&5
gcc: error: unrecognized command line option '-V'
gcc: fatal error: no input files
compilation terminated.
configure:3332: $? = 1
configure:3321: gcc -qversion >&5
gcc: error: unrecognized command line option '-qversion'
gcc: fatal error: no input files
compilation terminated.
configure:3332: $? = 1
configure:3352: checking whether the C compiler works
configure:3374: gcc    conftest.c  >&5
configure:3378: $? = 0
configure:3426: result: yes
configure:3429: checking for C compiler default output file name
configure:3431: result: a.out
configure:3437: checking for suffix of executables
configure:3444: gcc -o conftest    conftest.c  >&5
configure:3448: $? = 0
configure:3470: result: 
configure:3492: checking whether we are cross compiling
configure:3500: gcc -o conftest    conftest.c  >&5
configure:3504: $? = 0
configure:3511: ./conftest
configure:3515: $? = 0
configure:3530: result: no
configure:3535: checking for suffix of object files
configure:3557: gcc -c   conftest.c >&5
configure:3561: $? = 0
configure:3582: result: o
configure:3586: checking whether we are using the GNU C compiler
configure:3605: gcc -c   conftest.c >&5
configure:3605: $? = 0
configure:3614: result: yes
configure:3623: checking whether gcc accepts -g
configure:3643: gcc -c -g  conftest.c >&5
configure:3643: $? = 0
configure:3684: result: yes
configure:3701: checking for gcc option to accept ISO C89
configure:3764: gcc  -c -g -O2  conftest.c >&5
configure:3764: $? = 0
configure:3777: result: none needed
configure:3802: checking whether gcc understands -c and -o together
configure:3824: gcc -c conftest.c -o conftest2.o
configure:3827: $? = 0
configure:3824: gcc -c conftest.c -o conftest2.o
configure:3827: $? = 0
configure:3839: result: yes
configure:3858: checking dependency style of gcc
configure:3969: result: gcc3
configure:3985: checking for library containing strerror
configure:4016: gcc -o conftest -g -O2   conftest.c  >&5
configure:4016: $? = 0
configure:4033: result: none required
configure:4089: checking for gcc
configure:4116: result: gcc
configure:4345: checking for C compiler version
configure:4354: gcc --version >&5
gcc (Ubuntu 5.3.1-14ubuntu2.1) 5.3.1 20160413
Copyright (C) 2015 Free Software Foundation, Inc.
This is free software; see the source for copying conditions.  There is NO
warranty; not even for MERCHANTABILITY or FITNESS FOR A PARTICULAR PURPOSE.

configure:4365: $? = 0
configure:4354: gcc -v >&5
Using built-in specs.
COLLECT_GCC=gcc
COLLECT_LTO_WRAPPER=/usr/lib/gcc/x86_64-linux-gnu/5/lto-wrapper
Target: x86_64-linux-gnu
Configured with: ../src/configure -v --with-pkgversion='Ubuntu 5.3.1-14ubuntu2.1' --with-bugurl=file:///usr/share/doc/gcc-5/README.Bugs --enable-languages=c,ada,c++,java,go,d,fortran,objc,obj-c++ --prefix=/usr --program-suffix=-5 --enable-shared --enable-linker-build-id --libexecdir=/usr/lib --without-included-gettext --enable-threads=posix --libdir=/usr/lib --enable-nls --with-sysroot=/ --enable-clocale=gnu --enable-libstdcxx-debug --enable-libstdcxx-time=yes --with-default-libstdcxx-abi=new --enable-gnu-unique-object --disable-vtable-verify --enable-libmpx --enable-plugin --with-system-zlib --disable-browser-plugin --enable-java-awt=gtk --enable-gtk-cairo --with-java-home=/usr/lib/jvm/java-1.5.0-gcj-5-amd64/jre --enable-java-home --with-jvm-root-dir=/usr/lib/jvm/java-1.5.0-gcj-5-amd64 --with-jvm-jar-dir=/usr/lib/jvm-exports/java-1.5.0-gcj-5-amd64 --with-arch-directory=amd64 --with-ecj-jar=/usr/share/java/eclipse-ecj.jar --enable-objc-gc --enable-multiarch --disable-werror --with-arch-32=i686 --with-abi=m64 --with-multilib-list=m32,m64,mx32 --enable-multilib --with-tune=generic --enable-checking=release --build=x86_64-linux-gnu --host=x86_64-linux-gnu --target=x86_64-linux-gnu
Thread model: posix
gcc version 5.3.1 20160413 (Ubuntu 5.3.1-14ubuntu2.1) 
configure:4365: $? = 0
configure:4354: gcc -V >&5
gcc: error: unrecognized command line option '-V'
gcc: fatal error: no input files
compilation terminated.
configure:4365: $? = 1
configure:4354: gcc -qversion >&5
gcc: error: unrecognized command line option '-qversion'
gcc: fatal error: no input files
compilation terminated.
configure:4365: $? = 1
configure:4369: checking whether we are using the GNU C compiler
configure:4397: result: yes
configure:4406: checking whether gcc accepts -g
configure:4467: result: yes
configure:4484: checking for gcc option to accept ISO C89
configure:4560: result: none needed
configure:4585: checking whether gcc understands -c and -o together
configure:4622: result: yes
configure:4641: checking dependency style of gcc
configure:4752: result: gcc3
configure:4815: checking for gcc
configure:4842: result: gcc
configure:5071: checking for C compiler version
configure:5080: gcc --version >&5
gcc (Ubuntu 5.3.1-14ubuntu2.1) 5.3.1 20160413
Copyright (C) 2015 Free Software Foundation, Inc.
This is free software; see the source for copying conditions.  There is NO
warranty; not even for MERCHANTABILITY or FITNESS FOR A PARTICULAR PURPOSE.

configure:5091: $? = 0
configure:5080: gcc -v >&5
Using built-in specs.
COLLECT_GCC=gcc
COLLECT_LTO_WRAPPER=/usr/lib/gcc/x86_64-linux-gnu/5/lto-wrapper
Target: x86_64-linux-gnu
Configured with: ../src/configure -v --with-pkgversion='Ubuntu 5.3.1-14ubuntu2.1' --with-bugurl=file:///usr/share/doc/gcc-5/README.Bugs --enable-languages=c,ada,c++,java,go,d,fortran,objc,obj-c++ --prefix=/usr --program-suffix=-5 --enable-shared --enable-linker-build-id --libexecdir=/usr/lib --without-included-gettext --enable-threads=posix --libdir=/usr/lib --enable-nls --with-sysroot=/ --enable-clocale=gnu --enable-libstdcxx-debug --enable-libstdcxx-time=yes --with-default-libstdcxx-abi=new --enable-gnu-unique-object --disable-vtable-verify --enable-libmpx --enable-plugin --with-system-zlib --disable-browser-plugin --enable-java-awt=gtk --enable-gtk-cairo --with-java-home=/usr/lib/jvm/java-1.5.0-gcj-5-amd64/jre --enable-java-home --with-jvm-root-dir=/usr/lib/jvm/java-1.5.0-gcj-5-amd64 --with-jvm-jar-dir=/usr/lib/jvm-exports/java-1.5.0-gcj-5-amd64 --with-arch-directory=amd64 --with-ecj-jar=/usr/share/java/eclipse-ecj.jar --enable-objc-gc --enable-multiarch --disable-werror --with-arch-32=i686 --with-abi=m64 --with-multilib-list=m32,m64,mx32 --enable-multilib --with-tune=generic --enable-checking=release --build=x86_64-linux-gnu --host=x86_64-linux-gnu --target=x86_64-linux-gnu
Thread model: posix
gcc version 5.3.1 20160413 (Ubuntu 5.3.1-14ubuntu2.1) 
configure:5091: $? = 0
configure:5080: gcc -V >&5
gcc: error: unrecognized command line option '-V'
gcc: fatal error: no input files
compilation terminated.
configure:5091: $? = 1
configure:5080: gcc -qversion >&5
gcc: error: unrecognized command line option '-qversion'
gcc: fatal error: no input files
compilation terminated.
configure:5091: $? = 1
configure:5095: checking whether we are using the GNU C compiler
configure:5123: result: yes
configure:5132: checking whether gcc accepts -g
configure:5193: result: yes
configure:5210: checking for gcc option to accept ISO C89
configure:5286: result: none needed
configure:5311: checking whether gcc understands -c and -o together
configure:5348: result: yes
configure:5367: checking dependency style of gcc
configure:5478: result: gcc3
configure:5500: checking how to run the C preprocessor
configure:5531: gcc -E  conftest.c
configure:5531: $? = 0
configure:5545: gcc -E  conftest.c
conftest.c:11:28: fatal error: ac_nonexistent.h: No such file or directory
compilation terminated.
configure:5545: $? = 1
configure: failed program was:
| /* confdefs.h */
| #define PACKAGE_NAME "battleship"
| #define PACKAGE_TARNAME "battleship"
| #define PACKAGE_VERSION "0.2"
| #define PACKAGE_STRING "battleship 0.2"
| #define PACKAGE_BUGREPORT ""
| #define PACKAGE_URL ""
| #define PACKAGE "battleship"
| #define VERSION "0.2"
| /* end confdefs.h.  */
| #include <ac_nonexistent.h>
configure:5570: result: gcc -E
configure:5590: gcc -E  conftest.c
configure:5590: $? = 0
configure:5604: gcc -E  conftest.c
conftest.c:11:28: fatal error: ac_nonexistent.h: No such file or directory
compilation terminated.
configure:5604: $? = 1
configure: failed program was:
| /* confdefs.h */
| #define PACKAGE_NAME "battleship"
| #define PACKAGE_TARNAME "battleship"
| #define PACKAGE_VERSION "0.2"
| #define PACKAGE_STRING "battleship 0.2"
| #define PACKAGE_BUGREPORT ""
| #define PACKAGE_URL ""
| #define PACKAGE "battleship"
| #define VERSION "0.2"
| /* end confdefs.h.  */
| #include <ac_nonexistent.h>
configure:5633: checking for grep that handles long lines and -e
configure:5691: result: /bin/grep
configure:5696: checking for egrep
configure:5758: result: /bin/grep -E
configure:5763: checking for ANSI C header files
configure:5783: gcc -c -g -O2  conftest.c >&5
configure:5783: $? = 0
configure:5856: gcc -o conftest -g -O2   conftest.c  >&5
configure:5856: $? = 0
configure:5856: ./conftest
configure:5856: $? = 0
configure:5867: result: yes
configure:5891: checking for sys/types.h
configure:5891: gcc -c -g -O2  conftest.c >&5
configure:5891: $? = 0
configure:5891: result: yes
configure:5891: checking for sys/stat.h
configure:5891: gcc -c -g -O2  conftest.c >&5
configure:5891: $? = 0
configure:5891: result: yes
configure:5891: checking for stdlib.h
configure:5891: gcc -c -g -O2  conftest.c >&5
configure:5891: $? = 0
configure:5891: result: yes
configure:5891: checking for string.h
configure:5891: gcc -c -g -O2  conftest.c >&5
configure:5891: $? = 0
configure:5891: result: yes
configure:5891: checking for memory.h
configure:5891: gcc -c -g -O2  conftest.c >&5
configure:5891: $? = 0
configure:5891: result: yes
configure:5891: checking for strings.h
configure:5891: gcc -c -g -O2  conftest.c >&5
configure:5891: $? = 0
configure:5891: result: yes
configure:5891: checking for inttypes.h
configure:5891: gcc -c -g -O2  conftest.c >&5
configure:5891: $? = 0
configure:5891: result: yes
configure:5891: checking for stdint.h
configure:5891: gcc -c -g -O2  conftest.c >&5
configure:5891: $? = 0
configure:5891: result: yes
configure:5891: checking for unistd.h
configure:5891: gcc -c -g -O2  conftest.c >&5
configure:5891: $? = 0
configure:5891: result: yes
configure:5906: checking locale.h usability
configure:5906: gcc -c -g -O2  conftest.c >&5
configure:5906: $? = 0
configure:5906: result: yes
configure:5906: checking locale.h presence
configure:5906: gcc -E  conftest.c
configure:5906: $? = 0
configure:5906: result: yes
configure:5906: checking for locale.h
configure:5906: result: yes
configure:5917: checking for LC_MESSAGES
configure:5933: gcc -o conftest -g -O2   conftest.c  >&5
configure:5933: $? = 0
configure:5941: result: yes
configure:5958: checking libintl.h usability
configure:5958: gcc -c -g -O2  conftest.c >&5
configure:5958: $? = 0
configure:5958: result: yes
configure:5958: checking libintl.h presence
configure:5958: gcc -E  conftest.c
configure:5958: $? = 0
configure:5958: result: yes
configure:5958: checking for libintl.h
configure:5958: result: yes
configure:5966: checking for ngettext in libc
configure:5984: gcc -o conftest -g -O2   conftest.c  >&5
configure:5984: $? = 0
configure:5993: result: yes
configure:5997: checking for dgettext in libc
configure:6015: gcc -o conftest -g -O2   conftest.c  >&5
configure:6015: $? = 0
configure:6024: result: yes
configure:6031: checking for bind_textdomain_codeset
configure:6031: gcc -o conftest -g -O2   conftest.c  >&5
configure:6031: $? = 0
configure:6031: result: yes
configure:6307: checking for msgfmt
configure:6334: result: /usr/bin/msgfmt
configure:6345: checking for dcgettext
configure:6345: gcc -o conftest -g -O2   conftest.c   >&5
conftest.c:49:6: warning: conflicting types for built-in function 'dcgettext'
 char dcgettext ();
      ^
configure:6345: $? = 0
configure:6345: result: yes
configure:6355: checking if msgfmt accepts -c
configure:6370: $MSGFMT -c -o /dev/null conftest.foo
conftest.foo:3: warning: header field 'Language' missing in header
configure:6373: $? = 0
configure:6375: result: yes
configure:6385: checking for gmsgfmt
configure:6416: result: /usr/bin/msgfmt
configure:6426: checking for xgettext
configure:6453: result: /usr/bin/xgettext
configure:6472: gcc -o conftest -g -O2   conftest.c   >&5
configure:6472: $? = 0
configure:6612: checking whether NLS is requested
configure:6621: result: yes
configure:6639: checking for intltool >= 0.35.0
configure:6641: result: 0.51.0 found
configure:6649: checking for intltool-update
configure:6667: found /usr/bin/intltool-update
configure:6679: result: /usr/bin/intltool-update
configure:6689: checking for intltool-merge
configure:6707: found /usr/bin/intltool-merge
configure:6719: result: /usr/bin/intltool-merge
configure:6729: checking for intltool-extract
configure:6747: found /usr/bin/intltool-extract
configure:6759: result: /usr/bin/intltool-extract
configure:6913: checking for xgettext
configure:6943: result: /usr/bin/xgettext
configure:6953: checking for msgmerge
configure:6971: found /usr/bin/msgmerge
configure:6983: result: /usr/bin/msgmerge
configure:6993: checking for msgfmt
configure:7023: result: /usr/bin/msgfmt
configure:7033: checking for gmsgfmt
configure:7064: result: /usr/bin/msgfmt
configure:7084: checking for perl
configure:7102: found /usr/bin/perl
configure:7114: result: /usr/bin/perl
configure:7125: checking for perl >= 5.8.1
configure:7132: result: 5.22.1
configure:7136: checking for XML::Parser
configure:7139: result: ok
configure:7184: checking build system type
configure:7198: result: x86_64-unknown-linux-gnu
configure:7218: checking host system type
configure:7231: result: x86_64-unknown-linux-gnu
configure:7272: checking how to print strings
configure:7299: result: printf
configure:7320: checking for a sed that does not truncate output
configure:7384: result: /bin/sed
configure:7402: checking for fgrep
configure:7464: result: /bin/grep -F
configure:7499: checking for ld used by gcc
configure:7566: result: /usr/bin/ld
configure:7573: checking if the linker (/usr/bin/ld) is GNU ld
configure:7588: result: yes
configure:7600: checking for BSD- or MS-compatible name lister (nm)
configure:7654: result: /usr/bin/nm -B
configure:7784: checking the name lister (/usr/bin/nm -B) interface
configure:7791: gcc -c -g -O2  conftest.c >&5
configure:7794: /usr/bin/nm -B "conftest.o"
configure:7797: output
0000000000000000 B some_variable
configure:7804: result: BSD nm
configure:7807: checking whether ln -s works
configure:7811: result: yes
configure:7819: checking the maximum length of command line arguments
configure:7950: result: 1572864
configure:7998: checking how to convert x86_64-unknown-linux-gnu file names to x86_64-unknown-linux-gnu format
configure:8038: result: func_convert_file_noop
configure:8045: checking how to convert x86_64-unknown-linux-gnu file names to toolchain format
configure:8065: result: func_convert_file_noop
configure:8072: checking for /usr/bin/ld option to reload object files
configure:8079: result: -r
configure:8153: checking for objdump
configure:8169: found /usr/bin/objdump
configure:8180: result: objdump
configure:8212: checking how to recognize dependent libraries
configure:8412: result: pass_all
configure:8497: checking for dlltool
configure:8527: result: no
configure:8557: checking how to associate runtime and link libraries
configure:8584: result: printf %s\n
configure:8644: checking for ar
configure:8660: found /usr/bin/ar
configure:8671: result: ar
configure:8708: checking for archiver @FILE support
configure:8725: gcc -c -g -O2  conftest.c >&5
configure:8725: $? = 0
configure:8728: ar cru libconftest.a @conftest.lst >&5
ar: `u' modifier ignored since `D' is the default (see `U')
configure:8731: $? = 0
configure:8736: ar cru libconftest.a @conftest.lst >&5
ar: `u' modifier ignored since `D' is the default (see `U')
ar: conftest.o: No such file or directory
configure:8739: $? = 1
configure:8751: result: @
configure:8809: checking for strip
configure:8825: found /usr/bin/strip
configure:8836: result: strip
configure:8908: checking for ranlib
configure:8924: found /usr/bin/ranlib
configure:8935: result: ranlib
configure:9037: checking command to parse /usr/bin/nm -B output from gcc object
configure:9190: gcc -c -g -O2  conftest.c >&5
configure:9193: $? = 0
configure:9197: /usr/bin/nm -B conftest.o \| sed -n -e 's/^.*[ ]\([ABCDGIRSTW][ABCDGIRSTW]*\)[ ][ ]*\([_A-Za-z][_A-Za-z0-9]*\)$/\1 \2 \2/p' | sed '/ __gnu_lto/d' \> conftest.nm
configure:9200: $? = 0
configure:9266: gcc -o conftest -g -O2   conftest.c conftstm.o >&5
configure:9269: $? = 0
configure:9307: result: ok
configure:9354: checking for sysroot
configure:9384: result: no
configure:9391: checking for a working dd
configure:9429: result: /bin/dd
configure:9433: checking how to truncate binary pipes
configure:9448: result: /bin/dd bs=4096 count=1
configure:9584: gcc -c -g -O2  conftest.c >&5
configure:9587: $? = 0
configure:9777: checking for mt
configure:9793: found /bin/mt
configure:9804: result: mt
configure:9827: checking if mt is a manifest tool
configure:9833: mt '-?'
configure:9841: result: no
configure:10515: checking for dlfcn.h
configure:10515: gcc -c -g -O2  conftest.c >&5
configure:10515: $? = 0
configure:10515: result: yes
configure:10771: checking for objdir
configure:10786: result: .libs
configure:11046: checking if gcc supports -fno-rtti -fno-exceptions
configure:11064: gcc -c -g -O2  -fno-rtti -fno-exceptions conftest.c >&5
cc1: warning: command line option '-fno-rtti' is valid for C++/ObjC++ but not for C
configure:11068: $? = 0
configure:11081: result: no
configure:11439: checking for gcc option to produce PIC
configure:11446: result: -fPIC -DPIC
configure:11454: checking if gcc PIC flag -fPIC -DPIC works
configure:11472: gcc -c -g -O2  -fPIC -DPIC -DPIC conftest.c >&5
configure:11476: $? = 0
configure:11489: result: yes
configure:11518: checking if gcc static flag -static works
configure:11546: result: yes
configure:11561: checking if gcc supports -c -o file.o
configure:11582: gcc -c -g -O2  -o out/conftest2.o conftest.c >&5
configure:11586: $? = 0
configure:11608: result: yes
configure:11616: checking if gcc supports -c -o file.o
configure:11663: result: yes
configure:11696: checking whether the gcc linker (/usr/bin/ld -m elf_x86_64) supports shared libraries
configure:12959: result: yes
configure:12996: checking whether -lc should be explicitly linked in
configure:13004: gcc -c -g -O2  conftest.c >&5
configure:13007: $? = 0
configure:13022: gcc -shared  -fPIC -DPIC conftest.o  -v -Wl,-soname -Wl,conftest -o conftest 2\>\&1 \| /bin/grep  -lc  \>/dev/null 2\>\&1
configure:13025: $? = 0
configure:13039: result: no
configure:13199: checking dynamic linker characteristics
configure:13780: gcc -o conftest -g -O2   -Wl,-rpath -Wl,/foo conftest.c  >&5
configure:13780: $? = 0
configure:14029: result: GNU/Linux ld.so
configure:14151: checking how to hardcode library paths into programs
configure:14176: result: immediate
configure:14724: checking whether stripping libraries is possible
configure:14729: result: yes
configure:14764: checking if libtool supports shared libraries
configure:14766: result: yes
configure:14769: checking whether to build shared libraries
configure:14794: result: yes
configure:14797: checking whether to build static libraries
configure:14801: result: yes
configure:14895: checking for pkg-config
configure:14913: found /usr/bin/pkg-config
configure:14925: result: /usr/bin/pkg-config
configure:14950: checking pkg-config is at least version 0.9.0
configure:14953: result: yes
configure:14963: checking for GTK_
configure:14970: $PKG_CONFIG --exists --print-errors "gtk+-3.0"
configure:14973: $? = 0
configure:14987: $PKG_CONFIG --exists --print-errors "gtk+-3.0"
configure:14990: $? = 0
configure:15048: result: yes
configure:15057: checking for BATTLESHIP
configure:15064: $PKG_CONFIG --exists --print-errors "gtk+-3.0"
configure:15067: $? = 0
configure:15081: $PKG_CONFIG --exists --print-errors "gtk+-3.0"
configure:15084: $? = 0
configure:15142: result: yes
configure:15260: checking that generated files are newer than configure
configure:15266: result: done
configure:15305: creating ./config.status

## ---------------- ##
## Cache variables. ##
## ---------------- ##

ac_cv_build=x86_64-unknown-linux-gnu
ac_cv_c_compiler_gnu=yes
ac_cv_env_BATTLESHIP_CFLAGS_set=
ac_cv_env_BATTLESHIP_CFLAGS_value=
ac_cv_env_BATTLESHIP_LIBS_set=
ac_cv_env_BATTLESHIP_LIBS_value=
ac_cv_env_CC_set=
ac_cv_env_CC_value=
ac_cv_env_CFLAGS_set=
ac_cv_env_CFLAGS_value=
ac_cv_env_CPPFLAGS_set=
ac_cv_env_CPPFLAGS_value=
ac_cv_env_CPP_set=
ac_cv_env_CPP_value=
ac_cv_env_GTK__CFLAGS_set=
ac_cv_env_GTK__CFLAGS_value=
ac_cv_env_GTK__LIBS_set=
ac_cv_env_GTK__LIBS_value=
ac_cv_env_LDFLAGS_set=
ac_cv_env_LDFLAGS_value=
ac_cv_env_LIBS_set=
ac_cv_env_LIBS_value=
ac_cv_env_LT_SYS_LIBRARY_PATH_set=
ac_cv_env_LT_SYS_LIBRARY_PATH_value=
ac_cv_env_PKG_CONFIG_LIBDIR_set=
ac_cv_env_PKG_CONFIG_LIBDIR_value=
ac_cv_env_PKG_CONFIG_PATH_set=
ac_cv_env_PKG_CONFIG_PATH_value=
ac_cv_env_PKG_CONFIG_set=
ac_cv_env_PKG_CONFIG_value=
ac_cv_env_build_alias_set=
ac_cv_env_build_alias_value=
ac_cv_env_host_alias_set=
ac_cv_env_host_alias_value=
ac_cv_env_target_alias_set=
ac_cv_env_target_alias_value=
ac_cv_func_bind_textdomain_codeset=yes
ac_cv_func_dcgettext=yes
ac_cv_header_dlfcn_h=yes
ac_cv_header_inttypes_h=yes
ac_cv_header_libintl_h=yes
ac_cv_header_locale_h=yes
ac_cv_header_memory_h=yes
ac_cv_header_stdc=yes
ac_cv_header_stdint_h=yes
ac_cv_header_stdlib_h=yes
ac_cv_header_string_h=yes
ac_cv_header_strings_h=yes
ac_cv_header_sys_stat_h=yes
ac_cv_header_sys_types_h=yes
ac_cv_header_unistd_h=yes
ac_cv_host=x86_64-unknown-linux-gnu
ac_cv_objext=o
ac_cv_path_EGREP='/bin/grep -E'
ac_cv_path_FGREP='/bin/grep -F'
ac_cv_path_GMSGFMT=/usr/bin/msgfmt
ac_cv_path_GREP=/bin/grep
ac_cv_path_INTLTOOL_EXTRACT=/usr/bin/intltool-extract
ac_cv_path_INTLTOOL_MERGE=/usr/bin/intltool-merge
ac_cv_path_INTLTOOL_PERL=/usr/bin/perl
ac_cv_path_INTLTOOL_UPDATE=/usr/bin/intltool-update
ac_cv_path_MSGFMT=/usr/bin/msgfmt
ac_cv_path_MSGMERGE=/usr/bin/msgmerge
ac_cv_path_SED=/bin/sed
ac_cv_path_XGETTEXT=/usr/bin/xgettext
ac_cv_path_ac_pt_PKG_CONFIG=/usr/bin/pkg-config
ac_cv_path_install='/usr/bin/install -c'
ac_cv_path_lt_DD=/bin/dd
ac_cv_path_mkdir=/bin/mkdir
ac_cv_prog_AWK=gawk
ac_cv_prog_CPP='gcc -E'
ac_cv_prog_ac_ct_AR=ar
ac_cv_prog_ac_ct_CC=gcc
ac_cv_prog_ac_ct_MANIFEST_TOOL=mt
ac_cv_prog_ac_ct_OBJDUMP=objdump
ac_cv_prog_ac_ct_RANLIB=ranlib
ac_cv_prog_ac_ct_STRIP=strip
ac_cv_prog_cc_c89=
ac_cv_prog_cc_g=yes
ac_cv_prog_make_make_set=yes
ac_cv_search_strerror='none required'
am_cv_CC_dependencies_compiler_type=gcc3
am_cv_make_support_nested_variables=yes
am_cv_prog_cc_c_o=yes
am_cv_prog_cc_stdc=
am_cv_val_LC_MESSAGES=yes
gt_cv_func_dgettext_libc=yes
gt_cv_func_dgettext_libintl=no
gt_cv_func_ngettext_libc=yes
gt_cv_have_gettext=yes
lt_cv_ar_at_file=@
lt_cv_archive_cmds_need_lc=no
lt_cv_deplibs_check_method=pass_all
lt_cv_file_magic_cmd='$MAGIC_CMD'
lt_cv_file_magic_test_file=
lt_cv_ld_reload_flag=-r
lt_cv_nm_interface='BSD nm'
lt_cv_objdir=.libs
lt_cv_path_LD=/usr/bin/ld
lt_cv_path_NM='/usr/bin/nm -B'
lt_cv_path_mainfest_tool=no
lt_cv_prog_compiler_c_o=yes
lt_cv_prog_compiler_pic='-fPIC -DPIC'
lt_cv_prog_compiler_pic_works=yes
lt_cv_prog_compiler_rtti_exceptions=no
lt_cv_prog_compiler_static_works=yes
lt_cv_prog_gnu_ld=yes
lt_cv_sharedlib_from_linklib_cmd='printf %s\n'
lt_cv_shlibpath_overrides_runpath=no
lt_cv_sys_global_symbol_pipe='sed -n -e '\''s/^.*[	 ]\([ABCDGIRSTW][ABCDGIRSTW]*\)[	 ][	 ]*\([_A-Za-z][_A-Za-z0-9]*\)$/\1 \2 \2/p'\'' | sed '\''/ __gnu_lto/d'\'''
lt_cv_sys_global_symbol_to_c_name_address='sed -n -e '\''s/^: \(.*\) .*$/  {"\1", (void *) 0},/p'\'' -e '\''s/^[ABCDGIRSTW][ABCDGIRSTW]* .* \(.*\)$/  {"\1", (void *) \&\1},/p'\'''
lt_cv_sys_global_symbol_to_c_name_address_lib_prefix='sed -n -e '\''s/^: \(.*\) .*$/  {"\1", (void *) 0},/p'\'' -e '\''s/^[ABCDGIRSTW][ABCDGIRSTW]* .* \(lib.*\)$/  {"\1", (void *) \&\1},/p'\'' -e '\''s/^[ABCDGIRSTW][ABCDGIRSTW]* .* \(.*\)$/  {"lib\1", (void *) \&\1},/p'\'''
lt_cv_sys_global_symbol_to_cdecl='sed -n -e '\''s/^T .* \(.*\)$/extern int \1();/p'\'' -e '\''s/^[ABCDGIRSTW][ABCDGIRSTW]* .* \(.*\)$/extern char \1;/p'\'''
lt_cv_sys_global_symbol_to_import=
lt_cv_sys_max_cmd_len=1572864
lt_cv_to_host_file_cmd=func_convert_file_noop
lt_cv_to_tool_file_cmd=func_convert_file_noop
lt_cv_truncate_bin='/bin/dd bs=4096 count=1'
pkg_cv_BATTLESHIP_CFLAGS='-pthread -I/usr/include/gtk-3.0 -I/usr/include/at-spi2-atk/2.0 -I/usr/include/at-spi-2.0 -I/usr/include/dbus-1.0 -I/usr/lib/x86_64-linux-gnu/dbus-1.0/include -I/usr/include/gtk-3.0 -I/usr/include/gio-unix-2.0/ -I/usr/include/mirclient -I/usr/include/mircommon -I/usr/include/mircookie -I/usr/include/cairo -I/usr/include/pango-1.0 -I/usr/include/harfbuzz -I/usr/include/pango-1.0 -I/usr/include/atk-1.0 -I/usr/include/cairo -I/usr/include/pixman-1 -I/usr/include/freetype2 -I/usr/include/libpng12 -I/usr/include/gdk-pixbuf-2.0 -I/usr/include/libpng12 -I/usr/include/glib-2.0 -I/usr/lib/x86_64-linux-gnu/glib-2.0/include'
pkg_cv_BATTLESHIP_LIBS='-lgtk-3 -lgdk-3 -lpangocairo-1.0 -lpango-1.0 -latk-1.0 -lcairo-gobject -lcairo -lgdk_pixbuf-2.0 -lgio-2.0 -lgobject-2.0 -lglib-2.0'
pkg_cv_GTK__CFLAGS='-pthread -I/usr/include/gtk-3.0 -I/usr/include/at-spi2-atk/2.0 -I/usr/include/at-spi-2.0 -I/usr/include/dbus-1.0 -I/usr/lib/x86_64-linux-gnu/dbus-1.0/include -I/usr/include/gtk-3.0 -I/usr/include/gio-unix-2.0/ -I/usr/include/mirclient -I/usr/include/mircommon -I/usr/include/mircookie -I/usr/include/cairo -I/usr/include/pango-1.0 -I/usr/include/harfbuzz -I/usr/include/pango-1.0 -I/usr/include/atk-1.0 -I/usr/include/cairo -I/usr/include/pixman-1 -I/usr/include/freetype2 -I/usr/include/libpng12 -I/usr/include/gdk-pixbuf-2.0 -I/usr/include/libpng12 -I/usr/include/glib-2.0 -I/usr/lib/x86_64-linux-gnu/glib-2.0/include'
pkg_cv_GTK__LIBS='-lgtk-3 -lgdk-3 -lpangocairo-1.0 -lpango-1.0 -latk-1.0 -lcairo-gobject -lcairo -lgdk_pixbuf-2.0 -lgio-2.0 -lgobject-2.0 -lglib-2.0'

## ----------------- ##
## Output variables. ##
## ----------------- ##

ACLOCAL='aclocal-1.15'
ALL_LINGUAS=''
AMDEPBACKSLASH='\'
AMDEP_FALSE='#'
AMDEP_TRUE=''
AMTAR='$${TAR-tar}'
AM_BACKSLASH='\'
AM_DEFAULT_V='$(AM_DEFAULT_VERBOSITY)'
AM_DEFAULT_VERBOSITY='1'
AM_V='$(V)'
AR='ar'
AUTOCONF='autoconf'
AUTOHEADER='autoheader'
AUTOMAKE='automake-1.15'
AWK='gawk'
BATTLESHIP_CFLAGS='-pthread -I/usr/include/gtk-3.0 -I/usr/include/at-spi2-atk/2.0 -I/usr/include/at-spi-2.0 -I/usr/include/dbus-1.0 -I/usr/lib/x86_64-linux-gnu/dbus-1.0/include -I/usr/include/gtk-3.0 -I/usr/include/gio-unix-2.0/ -I/usr/include/mirclient -I/usr/include/mircommon -I/usr/include/mircookie -I/usr/include/cairo -I/usr/include/pango-1.0 -I/usr/include/harfbuzz -I/usr/include/pango-1.0 -I/usr/include/atk-1.0 -I/usr/include/cairo -I/usr/include/pixman-1 -I/usr/include/freetype2 -I/usr/include/libpng12 -I/usr/include/gdk-pixbuf-2.0 -I/usr/include/libpng12 -I/usr/include/glib-2.0 -I/usr/lib/x86_64-linux-gnu/glib-2.0/include'
BATTLESHIP_LIBS='-lgtk-3 -lgdk-3 -lpangocairo-1.0 -lpango-1.0 -latk-1.0 -lcairo-gobject -lcairo -lgdk_pixbuf-2.0 -lgio-2.0 -lgobject-2.0 -lglib-2.0'
CATALOGS=''
CATOBJEXT='.gmo'
CC='gcc'
CCDEPMODE='depmode=gcc3'
CFLAGS='-g -O2'
CPP='gcc -E'
CPPFLAGS=''
CYGPATH_W='echo'
DATADIRNAME='share'
DEFS='-DHAVE_CONFIG_H'
DEPDIR='.deps'
DLLTOOL='false'
DSYMUTIL=''
DUMPBIN=''
ECHO_C=''
ECHO_N='-n'
ECHO_T=''
EGREP='/bin/grep -E'
ENABLE_NLS='true'
EXEEXT=''
FGREP='/bin/grep -F'
GETTEXT_PACKAGE='battleship'
GMOFILES=''
GMSGFMT='/usr/bin/msgfmt'
GREP='/bin/grep'
GTK__CFLAGS='-pthread -I/usr/include/gtk-3.0 -I/usr/include/at-spi2-atk/2.0 -I/usr/include/at-spi-2.0 -I/usr/include/dbus-1.0 -I/usr/lib/x86_64-linux-gnu/dbus-1.0/include -I/usr/include/gtk-3.0 -I/usr/include/gio-unix-2.0/ -I/usr/include/mirclient -I/usr/include/mircommon -I/usr/include/mircookie -I/usr/include/cairo -I/usr/include/pango-1.0 -I/usr/include/harfbuzz -I/usr/include/pango-1.0 -I/usr/include/atk-1.0 -I/usr/include/cairo -I/usr/include/pixman-1 -I/usr/include/freetype2 -I/usr/include/libpng12 -I/usr/include/gdk-pixbuf-2.0 -I/usr/include/libpng12 -I/usr/include/glib-2.0 -I/usr/lib/x86_64-linux-gnu/glib-2.0/include'
GTK__LIBS='-lgtk-3 -lgdk-3 -lpangocairo-1.0 -lpango-1.0 -latk-1.0 -lcairo-gobject -lcairo -lgdk_pixbuf-2.0 -lgio-2.0 -lgobject-2.0 -lglib-2.0'
INSTALL_DATA='${INSTALL} -m 644'
INSTALL_PROGRAM='${INSTALL}'
INSTALL_SCRIPT='${INSTALL}'
INSTALL_STRIP_PROGRAM='$(install_sh) -c -s'
INSTOBJEXT='.mo'
INTLLIBS=''
INTLTOOL_CAVES_RULE='%.caves:     %.caves.in     $(INTLTOOL_MERGE) $(wildcard $(top_srcdir)/po/*.po) ; $(INTLTOOL_V_MERGE)LC_ALL=C $(INTLTOOL_MERGE) $(INTLTOOL_V_MERGE_OPTIONS) -d -u -c $(top_builddir)/po/.intltool-merge-cache $(top_srcdir)/po $< $@'
INTLTOOL_DESKTOP_RULE='%.desktop:   %.desktop.in   $(INTLTOOL_MERGE) $(wildcard $(top_srcdir)/po/*.po) ; $(INTLTOOL_V_MERGE)LC_ALL=C $(INTLTOOL_MERGE) $(INTLTOOL_V_MERGE_OPTIONS) -d -u -c $(top_builddir)/po/.intltool-merge-cache $(top_srcdir)/po $< $@'
INTLTOOL_DIRECTORY_RULE='%.directory: %.directory.in $(INTLTOOL_MERGE) $(wildcard $(top_srcdir)/po/*.po) ; $(INTLTOOL_V_MERGE)LC_ALL=C $(INTLTOOL_MERGE) $(INTLTOOL_V_MERGE_OPTIONS) -d -u -c $(top_builddir)/po/.intltool-merge-cache $(top_srcdir)/po $< $@'
INTLTOOL_EXTRACT='/usr/bin/intltool-extract'
INTLTOOL_KBD_RULE='%.kbd:       %.kbd.in       $(INTLTOOL_MERGE) $(wildcard $(top_srcdir)/po/*.po) ; $(INTLTOOL_V_MERGE)LC_ALL=C $(INTLTOOL_MERGE) $(INTLTOOL_V_MERGE_OPTIONS) -x -u -m -c $(top_builddir)/po/.intltool-merge-cache $(top_srcdir)/po $< $@'
INTLTOOL_KEYS_RULE='%.keys:      %.keys.in      $(INTLTOOL_MERGE) $(wildcard $(top_srcdir)/po/*.po) ; $(INTLTOOL_V_MERGE)LC_ALL=C $(INTLTOOL_MERGE) $(INTLTOOL_V_MERGE_OPTIONS) -k -u -c $(top_builddir)/po/.intltool-merge-cache $(top_srcdir)/po $< $@'
INTLTOOL_MERGE='/usr/bin/intltool-merge'
INTLTOOL_OAF_RULE='%.oaf:       %.oaf.in       $(INTLTOOL_MERGE) $(wildcard $(top_srcdir)/po/*.po) ; $(INTLTOOL_V_MERGE)LC_ALL=C $(INTLTOOL_MERGE) $(INTLTOOL_V_MERGE_OPTIONS) -o -p $(top_srcdir)/po $< $@'
INTLTOOL_PERL='/usr/bin/perl'
INTLTOOL_POLICY_RULE='%.policy:    %.policy.in    $(INTLTOOL_MERGE) $(wildcard $(top_srcdir)/po/*.po) ; $(INTLTOOL_V_MERGE)LC_ALL=C $(INTLTOOL_MERGE) $(INTLTOOL_V_MERGE_OPTIONS) -x -u -c $(top_builddir)/po/.intltool-merge-cache $(top_srcdir)/po $< $@'
INTLTOOL_PONG_RULE='%.pong:      %.pong.in      $(INTLTOOL_MERGE) $(wildcard $(top_srcdir)/po/*.po) ; $(INTLTOOL_V_MERGE)LC_ALL=C $(INTLTOOL_MERGE) $(INTLTOOL_V_MERGE_OPTIONS) -x -u -c $(top_builddir)/po/.intltool-merge-cache $(top_srcdir)/po $< $@'
INTLTOOL_PROP_RULE='%.prop:      %.prop.in      $(INTLTOOL_MERGE) $(wildcard $(top_srcdir)/po/*.po) ; $(INTLTOOL_V_MERGE)LC_ALL=C $(INTLTOOL_MERGE) $(INTLTOOL_V_MERGE_OPTIONS) -d -u -c $(top_builddir)/po/.intltool-merge-cache $(top_srcdir)/po $< $@'
INTLTOOL_SCHEMAS_RULE='%.schemas:   %.schemas.in   $(INTLTOOL_MERGE) $(wildcard $(top_srcdir)/po/*.po) ; $(INTLTOOL_V_MERGE)LC_ALL=C $(INTLTOOL_MERGE) $(INTLTOOL_V_MERGE_OPTIONS) -s -u -c $(top_builddir)/po/.intltool-merge-cache $(top_srcdir)/po $< $@'
INTLTOOL_SERVER_RULE='%.server:    %.server.in    $(INTLTOOL_MERGE) $(wildcard $(top_srcdir)/po/*.po) ; $(INTLTOOL_V_MERGE)LC_ALL=C $(INTLTOOL_MERGE) $(INTLTOOL_V_MERGE_OPTIONS) -o -u -c $(top_builddir)/po/.intltool-merge-cache $(top_srcdir)/po $< $@'
INTLTOOL_SERVICE_RULE='%.service: %.service.in   $(INTLTOOL_MERGE) $(wildcard $(top_srcdir)/po/*.po) ; $(INTLTOOL_V_MERGE)LC_ALL=C $(INTLTOOL_MERGE) $(INTLTOOL_V_MERGE_OPTIONS) -d -u -c $(top_builddir)/po/.intltool-merge-cache $(top_srcdir)/po $< $@'
INTLTOOL_SHEET_RULE='%.sheet:     %.sheet.in     $(INTLTOOL_MERGE) $(wildcard $(top_srcdir)/po/*.po) ; $(INTLTOOL_V_MERGE)LC_ALL=C $(INTLTOOL_MERGE) $(INTLTOOL_V_MERGE_OPTIONS) -x -u -c $(top_builddir)/po/.intltool-merge-cache $(top_srcdir)/po $< $@'
INTLTOOL_SOUNDLIST_RULE='%.soundlist: %.soundlist.in $(INTLTOOL_MERGE) $(wildcard $(top_srcdir)/po/*.po) ; $(INTLTOOL_V_MERGE)LC_ALL=C $(INTLTOOL_MERGE) $(INTLTOOL_V_MERGE_OPTIONS) -d -u -c $(top_builddir)/po/.intltool-merge-cache $(top_srcdir)/po $< $@'
INTLTOOL_THEME_RULE='%.theme:     %.theme.in     $(INTLTOOL_MERGE) $(wildcard $(top_srcdir)/po/*.po) ; $(INTLTOOL_V_MERGE)LC_ALL=C $(INTLTOOL_MERGE) $(INTLTOOL_V_MERGE_OPTIONS) -d -u -c $(top_builddir)/po/.intltool-merge-cache $(top_srcdir)/po $< $@'
INTLTOOL_UI_RULE='%.ui:        %.ui.in        $(INTLTOOL_MERGE) $(wildcard $(top_srcdir)/po/*.po) ; $(INTLTOOL_V_MERGE)LC_ALL=C $(INTLTOOL_MERGE) $(INTLTOOL_V_MERGE_OPTIONS) -x -u -c $(top_builddir)/po/.intltool-merge-cache $(top_srcdir)/po $< $@'
INTLTOOL_UPDATE='/usr/bin/intltool-update'
INTLTOOL_V_MERGE='$(INTLTOOL__v_MERGE_$(V))'
INTLTOOL_V_MERGE_OPTIONS='$(intltool__v_merge_options_$(V))'
INTLTOOL_XAM_RULE='%.xam:       %.xml.in       $(INTLTOOL_MERGE) $(wildcard $(top_srcdir)/po/*.po) ; $(INTLTOOL_V_MERGE)LC_ALL=C $(INTLTOOL_MERGE) $(INTLTOOL_V_MERGE_OPTIONS) -x -u -c $(top_builddir)/po/.intltool-merge-cache $(top_srcdir)/po $< $@'
INTLTOOL_XML_NOMERGE_RULE='%.xml:       %.xml.in       $(INTLTOOL_MERGE) ; $(INTLTOOL_V_MERGE)LC_ALL=C $(INTLTOOL_MERGE) $(INTLTOOL_V_MERGE_OPTIONS) -x -u --no-translations $< $@'
INTLTOOL_XML_RULE='%.xml:       %.xml.in       $(INTLTOOL_MERGE) $(wildcard $(top_srcdir)/po/*.po) ; $(INTLTOOL_V_MERGE)LC_ALL=C $(INTLTOOL_MERGE) $(INTLTOOL_V_MERGE_OPTIONS) -x -u -c $(top_builddir)/po/.intltool-merge-cache $(top_srcdir)/po $< $@'
INTLTOOL__v_MERGE_0='@echo "  ITMRG " $@;'
INTLTOOL__v_MERGE_='$(INTLTOOL__v_MERGE_$(AM_DEFAULT_VERBOSITY))'
LD='/usr/bin/ld -m elf_x86_64'
LDFLAGS=''
LIBOBJS=''
LIBS=''
LIBTOOL='$(SHELL) $(top_builddir)/libtool'
LIPO=''
LN_S='ln -s'
LTLIBOBJS=''
LT_SYS_LIBRARY_PATH=''
MAINT=''
MAINTAINER_MODE_FALSE='#'
MAINTAINER_MODE_TRUE=''
MAKEINFO='makeinfo'
MANIFEST_TOOL=':'
MAX_SIZE='15'
MKDIR_P='/bin/mkdir -p'
MKINSTALLDIRS='./mkinstalldirs'
MSGFMT='/usr/bin/msgfmt'
MSGFMT_OPTS='-c'
MSGMERGE='/usr/bin/msgmerge'
NM='/usr/bin/nm -B'
NMEDIT=''
OBJDUMP='objdump'
OBJEXT='o'
OTOOL64=''
OTOOL=''
PACKAGE='battleship'
PACKAGE_BUGREPORT=''
PACKAGE_NAME='battleship'
PACKAGE_STRING='battleship 0.2'
PACKAGE_TARNAME='battleship'
PACKAGE_URL=''
PACKAGE_VERSION='0.2'
PATH_SEPARATOR=':'
PKG_CONFIG='/usr/bin/pkg-config'
PKG_CONFIG_LIBDIR=''
PKG_CONFIG_PATH=''
POFILES=''
POSUB='po'
PO_IN_DATADIR_FALSE=''
PO_IN_DATADIR_TRUE=''
RANLIB='ranlib'
SED='/bin/sed'
SET_MAKE=''
SHELL='/bin/bash'
STRIP='strip'
USE_NLS='yes'
VERSION='0.2'
XGETTEXT='/usr/bin/xgettext'
ac_ct_AR='ar'
ac_ct_CC='gcc'
ac_ct_DUMPBIN=''
am__EXEEXT_FALSE=''
am__EXEEXT_TRUE='#'
am__fastdepCC_FALSE='#'
am__fastdepCC_TRUE=''
am__include='include'
am__isrc=''
am__leading_dot='.'
am__nodep='_no'
am__quote=''
am__tar='$${TAR-tar} chof - "$$tardir"'
am__untar='$${TAR-tar} xf -'
bindir='${exec_prefix}/bin'
build='x86_64-unknown-linux-gnu'
build_alias=''
build_cpu='x86_64'
build_os='linux-gnu'
build_vendor='unknown'
datadir='${datarootdir}'
datarootdir='${prefix}/share'
docdir='${datarootdir}/doc/${PACKAGE_TARNAME}'
dvidir='${docdir}'
exec_prefix='${prefix}'
host='x86_64-unknown-linux-gnu'
host_alias=''
host_cpu='x86_64'
host_os='linux-gnu'
host_vendor='unknown'
htmldir='${docdir}'
includedir='${prefix}/include'
infodir='${datarootdir}/info'
install_sh='${SHELL} /home/bruno/Documentos/battleship/install-sh'
intltool__v_merge_options_0='-q'
intltool__v_merge_options_='$(intltool__v_merge_options_$(AM_DEFAULT_VERBOSITY))'
libdir='${exec_prefix}/lib'
libexecdir='${exec_prefix}/libexec'
localedir='${datarootdir}/locale'
localstatedir='${prefix}/var'
mandir='${datarootdir}/man'
mkdir_p='$(MKDIR_P)'
oldincludedir='/usr/include'
pdfdir='${docdir}'
prefix='/usr/local'
program_transform_name='s,x,x,'
psdir='${docdir}'
runstatedir='${localstatedir}/run'
sbindir='${exec_prefix}/sbin'
sharedstatedir='${prefix}/com'
sysconfdir='${prefix}/etc'
target_alias=''

## ----------- ##
## confdefs.h. ##
## ----------- ##

/* confdefs.h */
#define PACKAGE_NAME "battleship"
#define PACKAGE_TARNAME "battleship"
#define PACKAGE_VERSION "0.2"
#define PACKAGE_STRING "battleship 0.2"
#define PACKAGE_BUGREPORT ""
#define PACKAGE_URL ""
#define PACKAGE "battleship"
#define VERSION "0.2"
#define STDC_HEADERS 1
#define GETTEXT_PACKAGE "battleship"
#define HAVE_SYS_TYPES_H 1
#define HAVE_SYS_STAT_H 1
#define HAVE_STDLIB_H 1
#define HAVE_STRING_H 1
#define HAVE_MEMORY_H 1
#define HAVE_STRINGS_H 1
#define HAVE_INTTYPES_H 1
#define HAVE_STDINT_H 1
#define HAVE_UNISTD_H 1
#define HAVE_LOCALE_H 1
#define HAVE_LC_MESSAGES 1
#define HAVE_BIND_TEXTDOMAIN_CODESET 1
#define HAVE_GETTEXT 1
#define HAVE_DCGETTEXT 1
#define ENABLE_NLS 1
#define HAVE_DLFCN_H 1
#define LT_OBJDIR ".libs/"

configure: exit 0

## ---------------------- ##
## Running config.status. ##
## ---------------------- ##

This file was extended by battleship config.status 0.2, which was
generated by GNU Autoconf 2.69.  Invocation command line was

  CONFIG_FILES    = 
  CONFIG_HEADERS  = 
  CONFIG_LINKS    = 
  CONFIG_COMMANDS = 
  $ ./config.status 

on bruno-MS-7817

config.status:1183: creating Makefile
config.status:1183: creating src/Makefile
config.status:1183: creating po/Makefile.in
config.status:1183: creating config.h
config.status:1364: config.h is unchanged
config.status:1412: executing depfiles commands
config.status:1412: executing default-1 commands
config.status:1412: executing libtool commands
config.status:1412: executing po/stamp-it commands

## ---------------------- ##
## Running config.status. ##
## ---------------------- ##

This file was extended by battleship config.status 0.2, which was
generated by GNU Autoconf 2.69.  Invocation command line was

  CONFIG_FILES    = 
  CONFIG_HEADERS  = 
  CONFIG_LINKS    = 
  CONFIG_COMMANDS = 
  $ ./config.status config.h

on bruno-MS-7817

config.status:1183: creating config.h
config.status:1364: config.h is unchanged
